<?xml version="1.0" encoding="UTF-8"?>
<testng-results ignored="0" total="1" passed="1" failed="0" skipped="0">
  <reporter-output>
  </reporter-output>
  <suite started-at="2026-02-18T00:14:28 IST" name="WordPress Suite" finished-at="2026-02-18T00:14:56 IST" duration-ms="28293">
    <groups>
      <group name="cucumber">
        <method signature="AbstractTestNGCucumberTests.runScenario(io.cucumber.testng.PickleWrapper,io.cucumber.testng.FeatureWrapper)[pri:0, instance:runner.TestRunner@5dd6264]" name="runScenario" class="io.cucumber.testng.AbstractTestNGCucumberTests"/>
      </group> <!-- cucumber -->
    </groups>
    <test started-at="2026-02-18T00:14:28 IST" name="WordPress Test" finished-at="2026-02-18T00:14:56 IST" duration-ms="28293">
      <class name="runner.TestRunner">
        <test-method is-config="true" signature="setUpClass(org.testng.ITestContext)[pri:0, instance:runner.TestRunner@5dd6264]" started-at="2026-02-18T00:14:28 IST" name="setUpClass" finished-at="2026-02-18T00:14:28 IST" duration-ms="316" status="PASS">
          <params>
            <param index="0">
              <value>
                <![CDATA[org.testng.TestRunner@20411320]]>
              </value>
            </param>
          </params>
          <reporter-output>
          </reporter-output>
        </test-method> <!-- setUpClass -->
        <test-method signature="runScenario(io.cucumber.testng.PickleWrapper,io.cucumber.testng.FeatureWrapper)[pri:0, instance:runner.TestRunner@5dd6264]" started-at="2026-02-18T00:14:28 IST" name="runScenario" description="Runs Cucumber Scenarios" data-provider="scenarios" finished-at="2026-02-18T00:14:56 IST" duration-ms="27932" status="PASS">
          <params>
            <param index="0">
              <value>
                <![CDATA["Verify WordPress functionalities"]]>
              </value>
            </param>
            <param index="1">
              <value>
                <![CDATA["WordPress Website Validation"]]>
              </value>
            </param>
          </params>
          <reporter-output>
          </reporter-output>
        </test-method> <!-- runScenario -->
        <test-method is-config="true" signature="tearDownClass()[pri:0, instance:runner.TestRunner@5dd6264]" started-at="2026-02-18T00:14:56 IST" name="tearDownClass" finished-at="2026-02-18T00:14:56 IST" duration-ms="2" status="PASS">
          <reporter-output>
          </reporter-output>
        </test-method> <!-- tearDownClass -->
      </class> <!-- runner.TestRunner -->
    </test> <!-- WordPress Test -->
  </suite> <!-- WordPress Suite -->
</testng-results>
